c:\users\cblak\desktop\project\myfistcppapp\myfistcppapp\release\vc145.pdb
c:\users\cblak\desktop\project\myfistcppapp\myfistcppapp\release\.netframework,version=v4.7.2.assemblyattributes.obj
c:\users\cblak\desktop\project\myfistcppapp\myfistcppapp\release\myform.obj
c:\users\cblak\desktop\project\myfistcppapp\myfistcppapp\release\mainform.obj
c:\users\cblak\desktop\project\myfistcppapp\release\myfistcppapp.exe
c:\users\cblak\desktop\project\myfistcppapp\myfistcppapp\release\myfistcppapp.vcxproj.assemblyreference.cache
c:\users\cblak\desktop\project\myfistcppapp\myfistcppapp\release\myfistcppapp.vcxproj.generateresource.cache
c:\users\cblak\desktop\project\myfistcppapp\myfistcppapp\release\myfistcppapp.mainform.resources
c:\users\cblak\desktop\project\myfistcppapp\myfistcppapp\release\myfistcppapp.myform.resources
c:\users\cblak\desktop\project\myfistcppapp\myfistcppapp\release\myfistcppapp.tlog\cl.command.1.tlog
c:\users\cblak\desktop\project\myfistcppapp\myfistcppapp\release\myfistcppapp.tlog\cl.read.1.tlog
c:\users\cblak\desktop\project\myfistcppapp\myfistcppapp\release\myfistcppapp.tlog\cl.write.1.tlog
c:\users\cblak\desktop\project\myfistcppapp\myfistcppapp\release\myfistcppapp.tlog\link.17464.read.1.tlog
c:\users\cblak\desktop\project\myfistcppapp\myfistcppapp\release\myfistcppapp.tlog\link.17464.write.1.tlog
c:\users\cblak\desktop\project\myfistcppapp\myfistcppapp\release\myfistcppapp.tlog\link.command.1.tlog
c:\users\cblak\desktop\project\myfistcppapp\myfistcppapp\release\myfistcppapp.tlog\link.read.1.tlog
c:\users\cblak\desktop\project\myfistcppapp\myfistcppapp\release\myfistcppapp.tlog\link.write.1.tlog
c:\users\cblak\desktop\project\myfistcppapp\myfistcppapp\release\myfistcppapp.tlog\metagen.read.1.tlog
c:\users\cblak\desktop\project\myfistcppapp\myfistcppapp\release\myfistcppapp.tlog\metagen.write.1.tlog
c:\users\cblak\desktop\project\myfistcppapp\myfistcppapp\release\myfistcppapp.tlog\resgen.command.1.tlog
c:\users\cblak\desktop\project\myfistcppapp\myfistcppapp\release\myfistcppapp.tlog\resgen.read.1.tlog
c:\users\cblak\desktop\project\myfistcppapp\myfistcppapp\release\myfistcppapp.tlog\resgen.write.1.tlog
