c:\users\cblak\desktop\project\myfistcppapp\myfistcppapp\x64\release\vc145.pdb
c:\users\cblak\desktop\project\myfistcppapp\myfistcppapp\x64\release\.netframework,version=v4.7.2.assemblyattributes.obj
c:\users\cblak\desktop\project\myfistcppapp\myfistcppapp\x64\release\myform.obj
c:\users\cblak\desktop\project\myfistcppapp\myfistcppapp\x64\release\mainform.obj
c:\users\cblak\desktop\project\myfistcppapp\x64\release\myfistcppapp.exe
c:\users\cblak\desktop\project\myfistcppapp\myfistcppapp\x64\release\myfistcppapp.vcxproj.assemblyreference.cache
c:\users\cblak\desktop\project\myfistcppapp\myfistcppapp\x64\release\myfistcppapp.vcxproj.generateresource.cache
c:\users\cblak\desktop\project\myfistcppapp\myfistcppapp\x64\release\myfistcppapp.mainform.resources
c:\users\cblak\desktop\project\myfistcppapp\myfistcppapp\x64\release\myfistcppapp.myform.resources
c:\users\cblak\desktop\project\myfistcppapp\x64\release\myfistcppapp.pdb
c:\users\cblak\desktop\project\myfistcppapp\myfistcppapp\x64\release\myfistcppapp.tlog\cl.command.1.tlog
c:\users\cblak\desktop\project\myfistcppapp\myfistcppapp\x64\release\myfistcppapp.tlog\cl.read.1.tlog
c:\users\cblak\desktop\project\myfistcppapp\myfistcppapp\x64\release\myfistcppapp.tlog\cl.write.1.tlog
c:\users\cblak\desktop\project\myfistcppapp\myfistcppapp\x64\release\myfistcppapp.tlog\link.21568.read.1.tlog
c:\users\cblak\desktop\project\myfistcppapp\myfistcppapp\x64\release\myfistcppapp.tlog\link.21568.read.2.tlog
c:\users\cblak\desktop\project\myfistcppapp\myfistcppapp\x64\release\myfistcppapp.tlog\link.21568.read.3.tlog
c:\users\cblak\desktop\project\myfistcppapp\myfistcppapp\x64\release\myfistcppapp.tlog\link.21568.read.4.tlog
c:\users\cblak\desktop\project\myfistcppapp\myfistcppapp\x64\release\myfistcppapp.tlog\link.21568.write.1.tlog
c:\users\cblak\desktop\project\myfistcppapp\myfistcppapp\x64\release\myfistcppapp.tlog\link.command.1.tlog
c:\users\cblak\desktop\project\myfistcppapp\myfistcppapp\x64\release\myfistcppapp.tlog\link.read.1.tlog
c:\users\cblak\desktop\project\myfistcppapp\myfistcppapp\x64\release\myfistcppapp.tlog\link.read.2.tlog
c:\users\cblak\desktop\project\myfistcppapp\myfistcppapp\x64\release\myfistcppapp.tlog\link.read.3.tlog
c:\users\cblak\desktop\project\myfistcppapp\myfistcppapp\x64\release\myfistcppapp.tlog\link.read.4.tlog
c:\users\cblak\desktop\project\myfistcppapp\myfistcppapp\x64\release\myfistcppapp.tlog\link.write.1.tlog
c:\users\cblak\desktop\project\myfistcppapp\myfistcppapp\x64\release\myfistcppapp.tlog\metagen.read.1.tlog
c:\users\cblak\desktop\project\myfistcppapp\myfistcppapp\x64\release\myfistcppapp.tlog\metagen.write.1.tlog
c:\users\cblak\desktop\project\myfistcppapp\myfistcppapp\x64\release\myfistcppapp.tlog\resgen.command.1.tlog
c:\users\cblak\desktop\project\myfistcppapp\myfistcppapp\x64\release\myfistcppapp.tlog\resgen.read.1.tlog
c:\users\cblak\desktop\project\myfistcppapp\myfistcppapp\x64\release\myfistcppapp.tlog\resgen.write.1.tlog
